{"/home/ServiceAPI/test/taskList.js":{"path":"/home/ServiceAPI/test/taskList.js","s":{"1":1,"2":1,"3":1,"4":1,"5":1,"6":1,"7":1,"8":1,"9":1,"10":1,"11":0,"12":0,"13":0,"14":0,"15":0,"16":0,"17":0,"18":0,"19":0,"20":0,"21":0,"22":0,"23":0,"24":0,"25":0,"26":0,"27":0,"28":0,"29":0,"30":0,"31":0,"32":0,"33":0,"34":0,"35":0,"36":0,"37":0,"38":0,"39":0,"40":0,"41":0,"42":0,"43":0,"44":0,"45":0,"46":0},"b":{},"f":{"1":0,"2":0,"3":0,"4":0,"5":0,"6":0,"7":0,"8":0,"9":0,"10":0,"11":0,"12":0,"13":0,"14":0,"15":0,"16":0},"fnMap":{"1":{"name":"(anonymous_1)","line":12,"loc":{"start":{"line":12,"column":33},"end":{"line":12,"column":44}}},"2":{"name":"(anonymous_2)","line":13,"loc":{"start":{"line":13,"column":42},"end":{"line":13,"column":53}}},"3":{"name":"(anonymous_3)","line":21,"loc":{"start":{"line":21,"column":12},"end":{"line":21,"column":26}}},"4":{"name":"(anonymous_4)","line":26,"loc":{"start":{"line":26,"column":15},"end":{"line":26,"column":29}}},"5":{"name":"(anonymous_5)","line":34,"loc":{"start":{"line":34,"column":39},"end":{"line":34,"column":50}}},"6":{"name":"(anonymous_6)","line":37,"loc":{"start":{"line":37,"column":39},"end":{"line":37,"column":50}}},"7":{"name":"(anonymous_7)","line":43,"loc":{"start":{"line":43,"column":14},"end":{"line":43,"column":28}}},"8":{"name":"(anonymous_8)","line":49,"loc":{"start":{"line":49,"column":15},"end":{"line":49,"column":30}}},"9":{"name":"(anonymous_9)","line":56,"loc":{"start":{"line":56,"column":34},"end":{"line":56,"column":45}}},"10":{"name":"(anonymous_10)","line":59,"loc":{"start":{"line":59,"column":14},"end":{"line":59,"column":28}}},"11":{"name":"(anonymous_11)","line":62,"loc":{"start":{"line":62,"column":15},"end":{"line":62,"column":29}}},"12":{"name":"(anonymous_12)","line":68,"loc":{"start":{"line":68,"column":47},"end":{"line":68,"column":58}}},"13":{"name":"(anonymous_13)","line":71,"loc":{"start":{"line":71,"column":14},"end":{"line":71,"column":28}}},"14":{"name":"(anonymous_14)","line":80,"loc":{"start":{"line":80,"column":55},"end":{"line":80,"column":66}}},"15":{"name":"(anonymous_15)","line":84,"loc":{"start":{"line":84,"column":13},"end":{"line":84,"column":27}}},"16":{"name":"(anonymous_16)","line":89,"loc":{"start":{"line":89,"column":16},"end":{"line":89,"column":31}}}},"statementMap":{"1":{"start":{"line":2,"column":0},"end":{"line":2,"column":30}},"2":{"start":{"line":3,"column":0},"end":{"line":3,"column":29}},"3":{"start":{"line":4,"column":0},"end":{"line":4,"column":38}},"4":{"start":{"line":5,"column":0},"end":{"line":5,"column":30}},"5":{"start":{"line":6,"column":0},"end":{"line":6,"column":27}},"6":{"start":{"line":7,"column":0},"end":{"line":7,"column":29}},"7":{"start":{"line":8,"column":0},"end":{"line":8,"column":25}},"8":{"start":{"line":9,"column":0},"end":{"line":9,"column":19}},"9":{"start":{"line":10,"column":0},"end":{"line":10,"column":15}},"10":{"start":{"line":12,"column":0},"end":{"line":31,"column":2}},"11":{"start":{"line":13,"column":2},"end":{"line":30,"column":4}},"12":{"start":{"line":14,"column":4},"end":{"line":17,"column":6}},"13":{"start":{"line":18,"column":4},"end":{"line":29,"column":9}},"14":{"start":{"line":22,"column":8},"end":{"line":22,"column":31}},"15":{"start":{"line":23,"column":8},"end":{"line":23,"column":71}},"16":{"start":{"line":24,"column":8},"end":{"line":24,"column":51}},"17":{"start":{"line":25,"column":8},"end":{"line":25,"column":31}},"18":{"start":{"line":27,"column":8},"end":{"line":27,"column":40}},"19":{"start":{"line":28,"column":8},"end":{"line":28,"column":88}},"20":{"start":{"line":34,"column":0},"end":{"line":93,"column":5}},"21":{"start":{"line":37,"column":3},"end":{"line":53,"column":6}},"22":{"start":{"line":38,"column":4},"end":{"line":38,"column":31}},"23":{"start":{"line":39,"column":6},"end":{"line":52,"column":10}},"24":{"start":{"line":44,"column":10},"end":{"line":44,"column":42}},"25":{"start":{"line":45,"column":10},"end":{"line":45,"column":77}},"26":{"start":{"line":46,"column":10},"end":{"line":46,"column":61}},"27":{"start":{"line":47,"column":10},"end":{"line":47,"column":33}},"28":{"start":{"line":50,"column":10},"end":{"line":50,"column":42}},"29":{"start":{"line":51,"column":10},"end":{"line":51,"column":33}},"30":{"start":{"line":56,"column":4},"end":{"line":65,"column":7}},"31":{"start":{"line":57,"column":6},"end":{"line":64,"column":11}},"32":{"start":{"line":60,"column":10},"end":{"line":60,"column":42}},"33":{"start":{"line":63,"column":10},"end":{"line":63,"column":42}},"34":{"start":{"line":68,"column":4},"end":{"line":77,"column":7}},"35":{"start":{"line":69,"column":6},"end":{"line":76,"column":11}},"36":{"start":{"line":72,"column":10},"end":{"line":72,"column":42}},"37":{"start":{"line":73,"column":10},"end":{"line":73,"column":55}},"38":{"start":{"line":74,"column":10},"end":{"line":74,"column":62}},"39":{"start":{"line":75,"column":10},"end":{"line":75,"column":33}},"40":{"start":{"line":80,"column":4},"end":{"line":92,"column":6}},"41":{"start":{"line":81,"column":5},"end":{"line":91,"column":10}},"42":{"start":{"line":85,"column":9},"end":{"line":85,"column":41}},"43":{"start":{"line":86,"column":9},"end":{"line":86,"column":74}},"44":{"start":{"line":87,"column":9},"end":{"line":87,"column":76}},"45":{"start":{"line":88,"column":9},"end":{"line":88,"column":32}},"46":{"start":{"line":90,"column":9},"end":{"line":90,"column":41}}},"branchMap":{}}}